e:\prog_projects\school programs\y2_s1\prog\tp3_prog_spacesim\tp3_prog_spacesim\release\vc141.pdb
e:\prog_projects\school programs\y2_s1\prog\tp3_prog_spacesim\tp3_prog_spacesim\release\game.obj
e:\prog_projects\school programs\y2_s1\prog\tp3_prog_spacesim\tp3_prog_spacesim\release\frigate.obj
e:\prog_projects\school programs\y2_s1\prog\tp3_prog_spacesim\tp3_prog_spacesim\release\fighter.obj
e:\prog_projects\school programs\y2_s1\prog\tp3_prog_spacesim\tp3_prog_spacesim\release\explosion.obj
e:\prog_projects\school programs\y2_s1\prog\tp3_prog_spacesim\tp3_prog_spacesim\release\experience.obj
e:\prog_projects\school programs\y2_s1\prog\tp3_prog_spacesim\tp3_prog_spacesim\release\collidable.obj
e:\prog_projects\school programs\y2_s1\prog\tp3_prog_spacesim\tp3_prog_spacesim\release\thruster.obj
e:\prog_projects\school programs\y2_s1\prog\tp3_prog_spacesim\tp3_prog_spacesim\release\pickupable.obj
e:\prog_projects\school programs\y2_s1\prog\tp3_prog_spacesim\tp3_prog_spacesim\release\nuke_launcher.obj
e:\prog_projects\school programs\y2_s1\prog\tp3_prog_spacesim\tp3_prog_spacesim\release\nuke.obj
e:\prog_projects\school programs\y2_s1\prog\tp3_prog_spacesim\tp3_prog_spacesim\release\missile_launcher.obj
e:\prog_projects\school programs\y2_s1\prog\tp3_prog_spacesim\tp3_prog_spacesim\release\missile.obj
e:\prog_projects\school programs\y2_s1\prog\tp3_prog_spacesim\tp3_prog_spacesim\release\mine_launcher_weapon.obj
e:\prog_projects\school programs\y2_s1\prog\tp3_prog_spacesim\tp3_prog_spacesim\release\mine.obj
e:\prog_projects\school programs\y2_s1\prog\tp3_prog_spacesim\tp3_prog_spacesim\release\gatling_gun.obj
e:\prog_projects\school programs\y2_s1\prog\tp3_prog_spacesim\tp3_prog_spacesim\release\component.obj
e:\prog_projects\school programs\y2_s1\prog\tp3_prog_spacesim\tp3_prog_spacesim\release\cockpit.obj
e:\prog_projects\school programs\y2_s1\prog\tp3_prog_spacesim\tp3_prog_spacesim\release\button.obj
e:\prog_projects\school programs\y2_s1\prog\tp3_prog_spacesim\tp3_prog_spacesim\release\behavior.obj
e:\prog_projects\school programs\y2_s1\prog\tp3_prog_spacesim\tp3_prog_spacesim\release\aoe_projectile.obj
e:\prog_projects\school programs\y2_s1\prog\tp3_prog_spacesim\tp3_prog_spacesim\release\scene_menu.obj
e:\prog_projects\school programs\y2_s1\prog\tp3_prog_spacesim\tp3_prog_spacesim\release\scene_game.obj
e:\prog_projects\school programs\y2_s1\prog\tp3_prog_spacesim\tp3_prog_spacesim\release\scene_factory.obj
e:\prog_projects\school programs\y2_s1\prog\tp3_prog_spacesim\tp3_prog_spacesim\release\scene.obj
e:\prog_projects\school programs\y2_s1\prog\tp3_prog_spacesim\tp3_prog_spacesim\release\projectile.obj
e:\prog_projects\school programs\y2_s1\prog\tp3_prog_spacesim\tp3_prog_spacesim\release\player_ship.obj
e:\prog_projects\school programs\y2_s1\prog\tp3_prog_spacesim\tp3_prog_spacesim\release\plasma_weapon.obj
e:\prog_projects\school programs\y2_s1\prog\tp3_prog_spacesim\tp3_prog_spacesim\release\plasma.obj
e:\prog_projects\school programs\y2_s1\prog\tp3_prog_spacesim\tp3_prog_spacesim\release\particle.obj
e:\prog_projects\school programs\y2_s1\prog\tp3_prog_spacesim\tp3_prog_spacesim\release\overlay.obj
e:\prog_projects\school programs\y2_s1\prog\tp3_prog_spacesim\tp3_prog_spacesim\release\npc.obj
e:\prog_projects\school programs\y2_s1\prog\tp3_prog_spacesim\tp3_prog_spacesim\release\movable.obj
e:\prog_projects\school programs\y2_s1\prog\tp3_prog_spacesim\tp3_prog_spacesim\release\manoeuvre.obj
e:\prog_projects\school programs\y2_s1\prog\tp3_prog_spacesim\tp3_prog_spacesim\release\main.obj
e:\prog_projects\school programs\y2_s1\prog\tp3_prog_spacesim\tp3_prog_spacesim\release\laser_scythe.obj
e:\prog_projects\school programs\y2_s1\prog\tp3_prog_spacesim\tp3_prog_spacesim\release\laser_weapon.obj
e:\prog_projects\school programs\y2_s1\prog\tp3_prog_spacesim\tp3_prog_spacesim\release\laser.obj
e:\prog_projects\school programs\y2_s1\prog\tp3_prog_spacesim\tp3_prog_spacesim\release\input_manager.obj
e:\prog_projects\school programs\y2_s1\prog\tp3_prog_spacesim\tp3_prog_spacesim\release\hull.obj
e:\prog_projects\school programs\y2_s1\prog\tp3_prog_spacesim\tp3_prog_spacesim\release\gatling_bullet.obj
e:\prog_projects\school programs\y2_s1\prog\tp3_prog_spacesim\tp3_prog_spacesim\release\weapon_factory.obj
e:\prog_projects\school programs\y2_s1\prog\tp3_prog_spacesim\tp3_prog_spacesim\release\weapon.obj
e:\prog_projects\school programs\y2_s1\prog\tp3_prog_spacesim\tp3_prog_spacesim\release\warning_leaving_game_area.obj
e:\prog_projects\school programs\y2_s1\prog\tp3_prog_spacesim\tp3_prog_spacesim\release\user_interface.obj
e:\prog_projects\school programs\y2_s1\prog\tp3_prog_spacesim\tp3_prog_spacesim\release\text.obj
e:\prog_projects\school programs\y2_s1\prog\tp3_prog_spacesim\tp3_prog_spacesim\release\station.obj
e:\prog_projects\school programs\y2_s1\prog\tp3_prog_spacesim\tp3_prog_spacesim\release\star.obj
e:\prog_projects\school programs\y2_s1\prog\tp3_prog_spacesim\tp3_prog_spacesim\release\ship_hangar.obj
e:\prog_projects\school programs\y2_s1\prog\tp3_prog_spacesim\tp3_prog_spacesim\release\ship.obj
e:\prog_projects\school programs\y2_s1\prog\tp3_prog_spacesim\tp3_prog_spacesim\release\shield_generator.obj
e:\prog_projects\school programs\y2_s1\prog\tp3_prog_spacesim\tp3_prog_spacesim\release\scene_menu_main_menu.obj
e:\prog_projects\school programs\y2_s1\prog\tp3_prog_spacesim\tp3_prog_spacesim\release\scene_menu_end_screen.obj
e:\prog_projects\school programs\y2_s1\prog\tp3_prog_spacesim\release\tp3_prog_spacesim.exe
e:\prog_projects\school programs\y2_s1\prog\tp3_prog_spacesim\release\tp3_prog_spacesim.pdb
e:\prog_projects\school programs\y2_s1\prog\tp3_prog_spacesim\release\tp3_prog_spacesim.ipdb
e:\prog_projects\school programs\y2_s1\prog\tp3_prog_spacesim\release\tp3_prog_spacesim.iobj
e:\prog_projects\school programs\y2_s1\prog\tp3_prog_spacesim\tp3_prog_spacesim\release\tp3_prog.8b86a876.tlog\cl.command.1.tlog
e:\prog_projects\school programs\y2_s1\prog\tp3_prog_spacesim\tp3_prog_spacesim\release\tp3_prog.8b86a876.tlog\cl.read.1.tlog
e:\prog_projects\school programs\y2_s1\prog\tp3_prog_spacesim\tp3_prog_spacesim\release\tp3_prog.8b86a876.tlog\cl.write.1.tlog
e:\prog_projects\school programs\y2_s1\prog\tp3_prog_spacesim\tp3_prog_spacesim\release\tp3_prog.8b86a876.tlog\link.command.1.tlog
e:\prog_projects\school programs\y2_s1\prog\tp3_prog_spacesim\tp3_prog_spacesim\release\tp3_prog.8b86a876.tlog\link.read.1.tlog
e:\prog_projects\school programs\y2_s1\prog\tp3_prog_spacesim\tp3_prog_spacesim\release\tp3_prog.8b86a876.tlog\link.write.1.tlog
e:\prog_projects\school programs\y2_s1\prog\tp3_prog_spacesim\tp3_prog_spacesim\release\tp3_prog.8b86a876.tlog\tp3_prog_spacesim.write.1u.tlog
