e:\prog_projects\school programs\y2_s1\prog\tp3_prog_spacesim\tp3_prog_spacesim\debug\vc141.pdb
e:\prog_projects\school programs\y2_s1\prog\tp3_prog_spacesim\tp3_prog_spacesim\debug\vc141.idb
e:\prog_projects\school programs\y2_s1\prog\tp3_prog_spacesim\tp3_prog_spacesim\debug\plasma.obj
e:\prog_projects\school programs\y2_s1\prog\tp3_prog_spacesim\tp3_prog_spacesim\debug\plasma_weapon.obj
e:\prog_projects\school programs\y2_s1\prog\tp3_prog_spacesim\tp3_prog_spacesim\debug\player_ship.obj
e:\prog_projects\school programs\y2_s1\prog\tp3_prog_spacesim\tp3_prog_spacesim\debug\projectile.obj
e:\prog_projects\school programs\y2_s1\prog\tp3_prog_spacesim\tp3_prog_spacesim\debug\scene.obj
e:\prog_projects\school programs\y2_s1\prog\tp3_prog_spacesim\tp3_prog_spacesim\debug\scene_factory.obj
e:\prog_projects\school programs\y2_s1\prog\tp3_prog_spacesim\tp3_prog_spacesim\debug\scene_game.obj
e:\prog_projects\school programs\y2_s1\prog\tp3_prog_spacesim\tp3_prog_spacesim\debug\scene_menu.obj
e:\prog_projects\school programs\y2_s1\prog\tp3_prog_spacesim\tp3_prog_spacesim\debug\scene_menu_end_screen.obj
e:\prog_projects\school programs\y2_s1\prog\tp3_prog_spacesim\tp3_prog_spacesim\debug\scene_menu_main_menu.obj
e:\prog_projects\school programs\y2_s1\prog\tp3_prog_spacesim\tp3_prog_spacesim\debug\shield_generator.obj
e:\prog_projects\school programs\y2_s1\prog\tp3_prog_spacesim\tp3_prog_spacesim\debug\ship.obj
e:\prog_projects\school programs\y2_s1\prog\tp3_prog_spacesim\tp3_prog_spacesim\debug\ship_hangar.obj
e:\prog_projects\school programs\y2_s1\prog\tp3_prog_spacesim\tp3_prog_spacesim\debug\star.obj
e:\prog_projects\school programs\y2_s1\prog\tp3_prog_spacesim\tp3_prog_spacesim\debug\station.obj
e:\prog_projects\school programs\y2_s1\prog\tp3_prog_spacesim\tp3_prog_spacesim\debug\text.obj
e:\prog_projects\school programs\y2_s1\prog\tp3_prog_spacesim\tp3_prog_spacesim\debug\user_interface.obj
e:\prog_projects\school programs\y2_s1\prog\tp3_prog_spacesim\tp3_prog_spacesim\debug\warning_leaving_game_area.obj
e:\prog_projects\school programs\y2_s1\prog\tp3_prog_spacesim\tp3_prog_spacesim\debug\weapon.obj
e:\prog_projects\school programs\y2_s1\prog\tp3_prog_spacesim\tp3_prog_spacesim\debug\weapon_factory.obj
e:\prog_projects\school programs\y2_s1\prog\tp3_prog_spacesim\tp3_prog_spacesim\debug\pickupable.obj
e:\prog_projects\school programs\y2_s1\prog\tp3_prog_spacesim\tp3_prog_spacesim\debug\thruster.obj
e:\prog_projects\school programs\y2_s1\prog\tp3_prog_spacesim\tp3_prog_spacesim\debug\collidable.obj
e:\prog_projects\school programs\y2_s1\prog\tp3_prog_spacesim\tp3_prog_spacesim\debug\experience.obj
e:\prog_projects\school programs\y2_s1\prog\tp3_prog_spacesim\tp3_prog_spacesim\debug\explosion.obj
e:\prog_projects\school programs\y2_s1\prog\tp3_prog_spacesim\tp3_prog_spacesim\debug\fighter.obj
e:\prog_projects\school programs\y2_s1\prog\tp3_prog_spacesim\tp3_prog_spacesim\debug\frigate.obj
e:\prog_projects\school programs\y2_s1\prog\tp3_prog_spacesim\tp3_prog_spacesim\debug\game.obj
e:\prog_projects\school programs\y2_s1\prog\tp3_prog_spacesim\tp3_prog_spacesim\debug\gatling_bullet.obj
e:\prog_projects\school programs\y2_s1\prog\tp3_prog_spacesim\tp3_prog_spacesim\debug\hull.obj
e:\prog_projects\school programs\y2_s1\prog\tp3_prog_spacesim\tp3_prog_spacesim\debug\input_manager.obj
e:\prog_projects\school programs\y2_s1\prog\tp3_prog_spacesim\tp3_prog_spacesim\debug\laser.obj
e:\prog_projects\school programs\y2_s1\prog\tp3_prog_spacesim\tp3_prog_spacesim\debug\laser_weapon.obj
e:\prog_projects\school programs\y2_s1\prog\tp3_prog_spacesim\tp3_prog_spacesim\debug\laser_scythe.obj
e:\prog_projects\school programs\y2_s1\prog\tp3_prog_spacesim\tp3_prog_spacesim\debug\main.obj
e:\prog_projects\school programs\y2_s1\prog\tp3_prog_spacesim\tp3_prog_spacesim\debug\manoeuvre.obj
e:\prog_projects\school programs\y2_s1\prog\tp3_prog_spacesim\tp3_prog_spacesim\debug\movable.obj
e:\prog_projects\school programs\y2_s1\prog\tp3_prog_spacesim\tp3_prog_spacesim\debug\npc.obj
e:\prog_projects\school programs\y2_s1\prog\tp3_prog_spacesim\tp3_prog_spacesim\debug\overlay.obj
e:\prog_projects\school programs\y2_s1\prog\tp3_prog_spacesim\tp3_prog_spacesim\debug\particle.obj
e:\prog_projects\school programs\y2_s1\prog\tp3_prog_spacesim\tp3_prog_spacesim\debug\aoe_projectile.obj
e:\prog_projects\school programs\y2_s1\prog\tp3_prog_spacesim\tp3_prog_spacesim\debug\behavior.obj
e:\prog_projects\school programs\y2_s1\prog\tp3_prog_spacesim\tp3_prog_spacesim\debug\button.obj
e:\prog_projects\school programs\y2_s1\prog\tp3_prog_spacesim\tp3_prog_spacesim\debug\cockpit.obj
e:\prog_projects\school programs\y2_s1\prog\tp3_prog_spacesim\tp3_prog_spacesim\debug\component.obj
e:\prog_projects\school programs\y2_s1\prog\tp3_prog_spacesim\tp3_prog_spacesim\debug\gatling_gun.obj
e:\prog_projects\school programs\y2_s1\prog\tp3_prog_spacesim\tp3_prog_spacesim\debug\mine.obj
e:\prog_projects\school programs\y2_s1\prog\tp3_prog_spacesim\tp3_prog_spacesim\debug\mine_launcher_weapon.obj
e:\prog_projects\school programs\y2_s1\prog\tp3_prog_spacesim\tp3_prog_spacesim\debug\missile.obj
e:\prog_projects\school programs\y2_s1\prog\tp3_prog_spacesim\tp3_prog_spacesim\debug\missile_launcher.obj
e:\prog_projects\school programs\y2_s1\prog\tp3_prog_spacesim\tp3_prog_spacesim\debug\nuke.obj
e:\prog_projects\school programs\y2_s1\prog\tp3_prog_spacesim\tp3_prog_spacesim\debug\nuke_launcher.obj
e:\prog_projects\school programs\y2_s1\prog\tp3_prog_spacesim\debug\tp3_prog_spacesim.ilk
e:\prog_projects\school programs\y2_s1\prog\tp3_prog_spacesim\debug\tp3_prog_spacesim.exe
e:\prog_projects\school programs\y2_s1\prog\tp3_prog_spacesim\debug\tp3_prog_spacesim.pdb
e:\prog_projects\school programs\y2_s1\prog\tp3_prog_spacesim\tp3_prog_spacesim\debug\tp3_prog.8b86a876.tlog\cl.command.1.tlog
e:\prog_projects\school programs\y2_s1\prog\tp3_prog_spacesim\tp3_prog_spacesim\debug\tp3_prog.8b86a876.tlog\cl.read.1.tlog
e:\prog_projects\school programs\y2_s1\prog\tp3_prog_spacesim\tp3_prog_spacesim\debug\tp3_prog.8b86a876.tlog\cl.write.1.tlog
e:\prog_projects\school programs\y2_s1\prog\tp3_prog_spacesim\tp3_prog_spacesim\debug\tp3_prog.8b86a876.tlog\link.command.1.tlog
e:\prog_projects\school programs\y2_s1\prog\tp3_prog_spacesim\tp3_prog_spacesim\debug\tp3_prog.8b86a876.tlog\link.read.1.tlog
e:\prog_projects\school programs\y2_s1\prog\tp3_prog_spacesim\tp3_prog_spacesim\debug\tp3_prog.8b86a876.tlog\link.write.1.tlog
